<?xml version="1.0" encoding="UTF-8"?>
<!-- Generated by org.testng.reporters.JUnitReportReporter -->
<testsuite hostname="DESKTOP-U03HLON" failures="0" tests="3" name="TestNG.TestNG_test_.Groups_Test" time="0.010" errors="0" timestamp="2024-05-01T13:47:49 IST" skipped="0">
  <testcase classname="TestNG.TestNG_test_.Groups_Test" name="e2e" time="0.008"/>
  <system-out/>
  <testcase classname="TestNG.TestNG_test_.Groups_Test" name="sanity" time="0.001"/>
  <system-out/>
  <testcase classname="TestNG.TestNG_test_.Groups_Test" name="sanity2" time="0.001"/>
  <system-out/>
</testsuite> <!-- TestNG.TestNG_test_.Groups_Test -->
