<?xml version="1.0" encoding="UTF-8"?>
<!-- Generated by org.testng.reporters.JUnitReportReporter -->
<testsuite hostname="DESKTOP-U03HLON" failures="0" tests="1" name="TestNG.TestNG_test_.Annotation" time="0.010" errors="0" timestamp="2024-06-08T16:42:00 IST" skipped="0">
  <testcase classname="TestNG.TestNG_test_.Annotation" name="test" time="0.010"/>
</testsuite> <!-- TestNG.TestNG_test_.Annotation -->
