<?xml version="1.0" encoding="UTF-8"?>
<!-- Generated by org.testng.reporters.JUnitReportReporter -->
<testsuite hostname="DESKTOP-U03HLON" failures="0" tests="2" name="TestNG.TestNG_test_.ParalellaTest_2" time="0.010" errors="0" timestamp="2024-01-17T20:51:06 IST" skipped="0">
  <testcase classname="TestNG.TestNG_test_.ParalellaTest_2" name="test6" time="0.002"/>
  <system-out/>
  <testcase classname="TestNG.TestNG_test_.ParalellaTest_2" name="test5" time="0.008"/>
  <system-out/>
</testsuite> <!-- TestNG.TestNG_test_.ParalellaTest_2 -->
