<?xml version="1.0" encoding="UTF-8"?>
<!-- Generated by org.testng.reporters.JUnitReportReporter -->
<testsuite hostname="DESKTOP-U03HLON" failures="0" tests="1" name="TestNG.TestNG_test_.Parameter" time="0.009" errors="0" timestamp="2024-05-01T13:51:08 IST" skipped="0">
  <testcase classname="TestNG.TestNG_test_.Parameter" name="login" time="0.009"/>
  <system-out/>
</testsuite> <!-- TestNG.TestNG_test_.Parameter -->
