<?xml version="1.0" encoding="UTF-8"?>
<!-- Generated by org.testng.reporters.JUnitReportReporter -->
<testsuite hostname="DESKTOP-U03HLON" failures="0" tests="4" name="TestNG.TestNG_test_.Priorities_2" time="0.011" errors="0" timestamp="2024-05-01T13:52:54 IST" skipped="0">
  <testcase classname="TestNG.TestNG_test_.Priorities_2" name="d" time="0.006"/>
  <system-out/>
  <testcase classname="TestNG.TestNG_test_.Priorities_2" name="c" time="0.002"/>
  <system-out/>
  <testcase classname="TestNG.TestNG_test_.Priorities_2" name="a" time="0.002"/>
  <system-out/>
  <testcase classname="TestNG.TestNG_test_.Priorities_2" name="b" time="0.001"/>
  <system-out/>
</testsuite> <!-- TestNG.TestNG_test_.Priorities_2 -->
