<?xml version="1.0" encoding="UTF-8"?>
<!-- Generated by org.testng.reporters.JUnitReportReporter -->
<testsuite hostname="DESKTOP-U03HLON" failures="0" tests="4" name="TestNG.TestNG_test_.Priorities" time="0.014" errors="0" timestamp="2023-12-06T12:35:47 IST" skipped="0">
  <testcase classname="TestNG.TestNG_test_.Priorities" name="b" time="0.008"/>
  <system-out/>
  <testcase classname="TestNG.TestNG_test_.Priorities" name="c" time="0.002"/>
  <system-out/>
  <testcase classname="TestNG.TestNG_test_.Priorities" name="d" time="0.002"/>
  <system-out/>
  <testcase classname="TestNG.TestNG_test_.Priorities" name="a" time="0.002"/>
  <system-out/>
</testsuite> <!-- TestNG.TestNG_test_.Priorities -->
