<?xml version="1.0" encoding="UTF-8"?>
<!-- Generated by org.testng.reporters.JUnitReportReporter -->
<testsuite hostname="DESKTOP-U03HLON" failures="0" tests="4" name="TestNG.TestNG_test_.ParalellaTest" time="0.026" errors="0" timestamp="2023-12-06T14:41:30 IST" skipped="0">
  <testcase classname="TestNG.TestNG_test_.ParalellaTest" name="test3" time="0.002"/>
  <system-out/>
  <testcase classname="TestNG.TestNG_test_.ParalellaTest" name="test1" time="0.016"/>
  <system-out/>
  <testcase classname="TestNG.TestNG_test_.ParalellaTest" name="test4" time="0.005"/>
  <system-out/>
  <testcase classname="TestNG.TestNG_test_.ParalellaTest" name="test2" time="0.003"/>
  <system-out/>
</testsuite> <!-- TestNG.TestNG_test_.ParalellaTest -->
