<?xml version="1.0" encoding="UTF-8"?>
<!-- Generated by org.testng.reporters.JUnitReportReporter -->
<testsuite hostname="DESKTOP-U03HLON" failures="0" tests="2" name="TestNG.TestNG_test_.DataProvider_1" time="0.009" errors="0" timestamp="2024-05-01T13:45:54 IST" skipped="0">
  <testcase classname="TestNG.TestNG_test_.DataProvider_1" name="dataprovider" time="0.006"/>
  <system-out/>
  <testcase classname="TestNG.TestNG_test_.DataProvider_1" name="dataprovider" time="0.003"/>
  <system-out/>
</testsuite> <!-- TestNG.TestNG_test_.DataProvider_1 -->
