<?xml version="1.0" encoding="UTF-8"?>
<!-- Generated by org.testng.reporters.JUnitReportReporter -->
<testsuite hostname="DESKTOP-U03HLON" failures="0" tests="4" name="TestNG.TestNG_test_.Priorities_1" time="0.014" errors="0" timestamp="2024-05-01T13:52:01 IST" skipped="0">
  <testcase classname="TestNG.TestNG_test_.Priorities_1" name="b" time="0.010"/>
  <system-out/>
  <testcase classname="TestNG.TestNG_test_.Priorities_1" name="c" time="0.001"/>
  <system-out/>
  <testcase classname="TestNG.TestNG_test_.Priorities_1" name="d" time="0.002"/>
  <system-out/>
  <testcase classname="TestNG.TestNG_test_.Priorities_1" name="a" time="0.001"/>
  <system-out/>
</testsuite> <!-- TestNG.TestNG_test_.Priorities_1 -->
