<?xml version="1.0" encoding="UTF-8"?>
<!-- Generated by org.testng.reporters.JUnitReportReporter -->
<testsuite hostname="DESKTOP-U03HLON" failures="0" tests="5" name="TestNG.TestNG_test_.ParalellaTest_3" time="0.057" errors="0" timestamp="2024-04-16T13:07:57 IST" skipped="0">
  <testcase classname="TestNG.TestNG_test_.ParalellaTest_3" name="test5" time="0.011"/>
  <system-out/>
  <testcase classname="TestNG.TestNG_test_.ParalellaTest_3" name="test5" time="0.011"/>
  <system-out/>
  <testcase classname="TestNG.TestNG_test_.ParalellaTest_3" name="test5" time="0.011"/>
  <system-out/>
  <testcase classname="TestNG.TestNG_test_.ParalellaTest_3" name="test5" time="0.012"/>
  <system-out/>
  <testcase classname="TestNG.TestNG_test_.ParalellaTest_3" name="test5" time="0.012"/>
  <system-out/>
</testsuite> <!-- TestNG.TestNG_test_.ParalellaTest_3 -->
