<?xml version="1.0" encoding="UTF-8"?>
<!-- Generated by org.testng.reporters.JUnitReportReporter -->
<testsuite hostname="DESKTOP-U03HLON" failures="0" tests="1" name="RestAssured_Api_Testing.video_4_0" time="2.562" errors="0" timestamp="2024-06-08T13:50:29 IST" skipped="0">
  <testcase classname="RestAssured_Api_Testing.video_4_0" name="Test1" time="2.562"/>
</testsuite> <!-- RestAssured_Api_Testing.video_4_0 -->
