<?xml version="1.0" encoding="UTF-8"?>
<!-- Generated by org.testng.reporters.JUnitReportReporter -->
<testsuite hostname="DESKTOP-U03HLON" failures="0" tests="4" name="TestNG.TestNG_test_.ParalellaTest_1" time="0.040" errors="0" timestamp="2024-05-01T13:50:46 IST" skipped="0">
  <testcase classname="TestNG.TestNG_test_.ParalellaTest_1" name="test1" time="0.010"/>
  <system-out/>
  <testcase classname="TestNG.TestNG_test_.ParalellaTest_1" name="test4" time="0.010"/>
  <system-out/>
  <testcase classname="TestNG.TestNG_test_.ParalellaTest_1" name="test3" time="0.010"/>
  <system-out/>
  <testcase classname="TestNG.TestNG_test_.ParalellaTest_1" name="test2" time="0.010"/>
  <system-out/>
</testsuite> <!-- TestNG.TestNG_test_.ParalellaTest_1 -->
