<?xml version="1.0" encoding="UTF-8"?>
<!-- Generated by org.testng.reporters.JUnitReportReporter -->
<testsuite hostname="DESKTOP-U03HLON" failures="0" tests="2" name="TestNG.TestNG_test_.DataProvider_1" time="0.013" errors="0" timestamp="2024-06-08T16:29:27 IST" skipped="0">
  <testcase classname="TestNG.TestNG_test_.DataProvider_1" name="dataprovider" time="0.003"/>
  <testcase classname="TestNG.TestNG_test_.DataProvider_1" name="dataprovider" time="0.010"/>
</testsuite> <!-- TestNG.TestNG_test_.DataProvider_1 -->
